[2025-11-07T03:54:31.635+0000] {taskinstance.py:1103} INFO - Dependencies all met for dep_context=non-requeueable deps ti=<TaskInstance: data_migration_dag.genetate_report manual__2025-11-07T03:54:17.047928+00:00 [queued]>
[2025-11-07T03:54:31.651+0000] {taskinstance.py:1103} INFO - Dependencies all met for dep_context=requeueable deps ti=<TaskInstance: data_migration_dag.genetate_report manual__2025-11-07T03:54:17.047928+00:00 [queued]>
[2025-11-07T03:54:31.652+0000] {taskinstance.py:1308} INFO - Starting attempt 1 of 1
[2025-11-07T03:54:31.675+0000] {taskinstance.py:1327} INFO - Executing <Task(PythonOperator): genetate_report> on 2025-11-07 03:54:17.047928+00:00
[2025-11-07T03:54:31.683+0000] {standard_task_runner.py:57} INFO - Started process 214 to run task
[2025-11-07T03:54:31.688+0000] {standard_task_runner.py:84} INFO - Running: ['***', 'tasks', 'run', 'data_migration_dag', 'genetate_report', 'manual__2025-11-07T03:54:17.047928+00:00', '--job-id', '67', '--raw', '--subdir', 'DAGS_FOLDER/data_migration_dag.py', '--cfg-path', '/tmp/tmpargnmhsi']
[2025-11-07T03:54:31.691+0000] {standard_task_runner.py:85} INFO - Job 67: Subtask genetate_report
[2025-11-07T03:54:31.719+0000] {logging_mixin.py:150} WARNING - /home/***/.local/lib/python3.7/site-packages/***/settings.py:195 DeprecationWarning: The sql_alchemy_conn option in [core] has been moved to the sql_alchemy_conn option in [database] - the old setting has been used, but please update your config.
[2025-11-07T03:54:31.788+0000] {task_command.py:410} INFO - Running <TaskInstance: data_migration_dag.genetate_report manual__2025-11-07T03:54:17.047928+00:00 [running]> on host 57f9487fa8cb
[2025-11-07T03:54:31.959+0000] {taskinstance.py:1547} INFO - Exporting env vars: AIRFLOW_CTX_DAG_OWNER='***' AIRFLOW_CTX_DAG_ID='data_migration_dag' AIRFLOW_CTX_TASK_ID='genetate_report' AIRFLOW_CTX_EXECUTION_DATE='2025-11-07T03:54:17.047928+00:00' AIRFLOW_CTX_TRY_NUMBER='1' AIRFLOW_CTX_DAG_RUN_ID='manual__2025-11-07T03:54:17.047928+00:00'
[2025-11-07T03:54:32.824+0000] {logging_mixin.py:150} INFO - prueba df_valid: 2 total: 1842
[2025-11-07T03:54:32.841+0000] {taskinstance.py:1824} ERROR - Task failed with exception
Traceback (most recent call last):
  File "/home/airflow/.local/lib/python3.7/site-packages/airflow/operators/python.py", line 181, in execute
    return_value = self.execute_callable()
  File "/home/airflow/.local/lib/python3.7/site-packages/airflow/operators/python.py", line 198, in execute_callable
    return self.python_callable(*self.op_args, **self.op_kwargs)
  File "/opt/airflow/dags/data_migration_dag.py", line 74, in task_generate_report
    out = generate_report(PROCESSED_TRANSFORMED, PROCESSED_VALIDATION, threshold_pct=5.0)
  File "/opt/airflow/src/work_flows/data_migration_flow.py", line 120, in generate_report
    os.kill(transformed_csv_path)
TypeError: kill() takes exactly 2 arguments (1 given)
[2025-11-07T03:54:32.865+0000] {taskinstance.py:1350} INFO - Marking task as FAILED. dag_id=data_migration_dag, task_id=genetate_report, execution_date=20251107T035417, start_date=20251107T035431, end_date=20251107T035432
[2025-11-07T03:54:32.882+0000] {standard_task_runner.py:109} ERROR - Failed to execute job 67 for task genetate_report (kill() takes exactly 2 arguments (1 given); 214)
[2025-11-07T03:54:32.947+0000] {local_task_job_runner.py:225} INFO - Task exited with return code 1
[2025-11-07T03:54:32.973+0000] {taskinstance.py:2653} INFO - 0 downstream tasks scheduled from follow-on schedule check
